
=== 2026-06-01 13:24:08 ===
MOHF Viewer OpenGL bereit
O=BPD  G=CPT-Geometrie  C=CPT-Texturen  M=MSH  ESC=quit
LMB=drehen  RMB=schwenken  Scroll=zoom  R=reset  T=top  F=vorne  I=iso
Loading 2_3_Door.msh...
  VBO: 144v 108t hochgeladen
Loading 2_3_Mantleclock.msh...
  VBO: 112v 108t hochgeladen
Loading MedicinalCanteen_German.msh...
  VBO: 69v 96t hochgeladen
Loading PlayerShotgun.msh...
  VBO: 775v 396t hochgeladen
Loading CeramicPlate_02.msh...
  VBO: 69v 82t hochgeladen
Loading waltherp38.msh...
  VBO: 975v 683t hochgeladen
Loading 2_3_Bookshelf.msh...
  VBO: 206v 102t hochgeladen
Loading 2_3_Boxclock_01_smash.msh...
  VBO: 328v 164t hochgeladen
Loading 2_3_Cuckoo_Empty.msh...
  VBO: 62v 32t hochgeladen
Loading Bridge_Pillar1.msh...
  VBO: 42v 22t hochgeladen
Loading 2_3_Cathedralclock_smash.msh...
  VBO: 48v 34t hochgeladen
Loading 2_3_Cathedralclock_smash.msh...
  VBO: 48v 34t hochgeladen
Loading Bridge_Rail4.msh...
  VBO: 117v 96t hochgeladen
Loading Chair_Wood.msh...
  VBO: 697v 414t hochgeladen
Loading epanzerschreck.msh...
  VBO: 422v 280t hochgeladen
Loading rifle_ammo_med.msh...
  VBO: 28v 14t hochgeladen
